<?xml version="1.0" encoding="UTF-8"?>
<!-- Generated by org.testng.reporters.JUnitReportReporter -->
<testsuite hostname="SANCHIT-AC09CJ7D" failures="0" tests="5" name="TestRunner" time="76.142" errors="0" timestamp="2025-06-06T14:30:55 IST" skipped="0">
  <testcase classname="TestRunner" name="runScenario" time="18.587"/>
  <testcase classname="TestRunner" name="runScenario" time="11.152"/>
  <testcase classname="TestRunner" name="runScenario" time="14.005"/>
  <testcase classname="TestRunner" name="runScenario" time="9.998"/>
  <testcase classname="TestRunner" name="runScenario" time="22.400"/>
</testsuite> <!-- TestRunner -->
